<?xml version="1.0" encoding="UTF-8"?>
<testsuite xmlns:xsi="http://www.w3.org/2001/XMLSchema-instance" xsi:noNamespaceSchemaLocation="https://maven.apache.org/surefire/maven-surefire-plugin/xsd/surefire-test-report.xsd" version="3.0.2" name="com.demo.grocery.GroceryApplicationTests" time="1.997" tests="1" errors="0" skipped="0" failures="0">
  <properties>
[...]
</properties>
  <testcase name="contextLoads" classname="com.demo.grocery.GroceryApplicationTests" time="0.224">
    <system-out><![CDATA[09:18:45.205 [main] INFO org.springframework.test.context.support.AnnotationConfigContextLoaderUtils -- Could not detect default configuration classes for test class [com.demo.grocery.GroceryApplicationTests]: GroceryApplicationTests does not declare any static, non-private, non-final, nested classes annotated with @Configuration.
09:18:45.248 [main] INFO org.springframework.boot.test.context.SpringBootTestContextBootstrapper -- Found @SpringBootConfiguration com.demo.grocery.GroceryApplication for test class com.demo.grocery.GroceryApplicationTests

  .   ____          _            __ _ _
 /\\ / ___'_ __ _ _(_)_ __  __ _ \ \ \ \
( ( )\___ | '_ | '_| | '_ \/ _` | \ \ \ \
 \\/  ___)| |_)| | | | | || (_| |  ) ) ) )
  '  |____| .__|_| |_|_| |_\__, | / / / /
 =========|_|==============|___/=/_/_/_/

 :: Spring Boot ::                (v3.4.4)

2026-04-22T09:18:45.391-04:00  INFO 16536 --- [grocery-store] [           main] c.demo.grocery.GroceryApplicationTests   : Starting GroceryApplicationTests using Java 17.0.16 with PID 16536 (started by christopherlee in /Users/christopherlee/java-e-grocery-store-demo)
2026-04-22T09:18:45.392-04:00  INFO 16536 --- [grocery-store] [           main] c.demo.grocery.GroceryApplicationTests   : No active profile set, falling back to 1 default profile: "default"
2026-04-22T09:18:45.623-04:00  INFO 16536 --- [grocery-store] [           main] .s.d.r.c.RepositoryConfigurationDelegate : Bootstrapping Spring Data JPA repositories in DEFAULT mode.
2026-04-22T09:18:45.645-04:00  INFO 16536 --- [grocery-store] [           main] .s.d.r.c.RepositoryConfigurationDelegate : Finished Spring Data repository scanning in 19 ms. Found 3 JPA repository interfaces.
2026-04-22T09:18:45.799-04:00  INFO 16536 --- [grocery-store] [           main] o.hibernate.jpa.internal.util.LogHelper  : HHH000204: Processing PersistenceUnitInfo [name: default]
2026-04-22T09:18:45.826-04:00  INFO 16536 --- [grocery-store] [           main] org.hibernate.Version                    : HHH000412: Hibernate ORM core version 6.6.11.Final
2026-04-22T09:18:45.839-04:00  INFO 16536 --- [grocery-store] [           main] o.h.c.internal.RegionFactoryInitiator    : HHH000026: Second-level cache disabled
2026-04-22T09:18:45.939-04:00  INFO 16536 --- [grocery-store] [           main] o.s.o.j.p.SpringPersistenceUnitInfo      : No LoadTimeWeaver setup: ignoring JPA class transformer
2026-04-22T09:18:45.950-04:00  INFO 16536 --- [grocery-store] [           main] com.zaxxer.hikari.HikariDataSource       : HikariPool-1 - Starting...
2026-04-22T09:18:46.018-04:00  INFO 16536 --- [grocery-store] [           main] com.zaxxer.hikari.pool.HikariPool        : HikariPool-1 - Added connection conn0: url=jdbc:h2:mem:grocerydb user=SA
2026-04-22T09:18:46.018-04:00  INFO 16536 --- [grocery-store] [           main] com.zaxxer.hikari.HikariDataSource       : HikariPool-1 - Start completed.
2026-04-22T09:18:46.029-04:00  WARN 16536 --- [grocery-store] [           main] org.hibernate.orm.deprecation            : HHH90000025: H2Dialect does not need to be specified explicitly using 'hibernate.dialect' (remove the property setting and it will be selected by default)
2026-04-22T09:18:46.038-04:00  INFO 16536 --- [grocery-store] [           main] org.hibernate.orm.connections.pooling    : HHH10001005: Database info:
	Database JDBC URL [Connecting through datasource 'HikariDataSource (HikariPool-1)']
	Database driver: undefined/unknown
	Database version: 2.3.232
	Autocommit mode: undefined/unknown
	Isolation level: undefined/unknown
	Minimum pool size: undefined/unknown
	Maximum pool size: undefined/unknown
2026-04-22T09:18:46.340-04:00  INFO 16536 --- [grocery-store] [           main] o.h.e.t.j.p.i.JtaPlatformInitiator       : HHH000489: No JTA platform available (set 'hibernate.transaction.jta.platform' to enable JTA platform integration)
Hibernate: 
    drop table if exists category cascade 
Hibernate: 
    drop table if exists grocery_order cascade 
Hibernate: 
    drop table if exists order_item cascade 
Hibernate: 
    drop table if exists product cascade 
Hibernate: 
    create table category (
        id bigint generated by default as identity,
        name varchar(255),
        primary key (id)
    )
Hibernate: 
    create table grocery_order (
        discount numeric(38,2),
        subtotal numeric(38,2),
        total numeric(38,2),
        created_at timestamp(6),
        id bigint generated by default as identity,
        payment_token varchar(255),
        promo_code varchar(255),
        status enum ('CANCELLED','CONFIRMED','PENDING'),
        primary key (id)
    )
Hibernate: 
    create table order_item (
        quantity integer not null,
        unit_price numeric(38,2),
        id bigint generated by default as identity,
        order_id bigint,
        product_id bigint,
        product_name varchar(255),
        primary key (id)
    )
Hibernate: 
    create table product (
        price numeric(38,2),
        stock_quantity integer not null,
        category_id bigint,
        id bigint generated by default as identity,
        name varchar(255),
        primary key (id)
    )
Hibernate: 
    alter table if exists order_item 
       add constraint FKoajfdt6rthhtvdm2claksjl2c 
       foreign key (order_id) 
       references grocery_order
Hibernate: 
    alter table if exists product 
       add constraint FK1mtsbur82frn64de7balymq9s 
       foreign key (category_id) 
       references category
2026-04-22T09:18:46.359-04:00  INFO 16536 --- [grocery-store] [           main] j.LocalContainerEntityManagerFactoryBean : Initialized JPA EntityManagerFactory for persistence unit 'default'
2026-04-22T09:18:46.466-04:00  INFO 16536 --- [grocery-store] [           main] o.s.d.j.r.query.QueryEnhancerFactory     : Hibernate is in classpath; If applicable, HQL parser will be used.
2026-04-22T09:18:46.728-04:00  WARN 16536 --- [grocery-store] [           main] JpaBaseConfiguration$JpaWebConfiguration : spring.jpa.open-in-view is enabled by default. Therefore, database queries may be performed during view rendering. Explicitly configure spring.jpa.open-in-view to disable this warning
2026-04-22T09:18:46.737-04:00  INFO 16536 --- [grocery-store] [           main] o.s.b.a.w.s.WelcomePageHandlerMapping    : Adding welcome page template: index
2026-04-22T09:18:46.860-04:00  INFO 16536 --- [grocery-store] [           main] o.s.b.a.h2.H2ConsoleAutoConfiguration    : H2 console available at '/h2-console'. Database available at 'jdbc:h2:mem:grocerydb'
2026-04-22T09:18:46.884-04:00  INFO 16536 --- [grocery-store] [           main] c.demo.grocery.GroceryApplicationTests   : Started GroceryApplicationTests in 1.584 seconds (process running for 1.906)
Hibernate: 
    insert 
    into
        category
        (name, id) 
    values
        (?, default)
Hibernate: 
    insert 
    into
        category
        (name, id) 
    values
        (?, default)
Hibernate: 
    insert 
    into
        category
        (name, id) 
    values
        (?, default)
Hibernate: 
    insert 
    into
        category
        (name, id) 
    values
        (?, default)
Hibernate: 
    insert 
    into
        product
        (category_id, name, price, stock_quantity, id) 
    values
        (?, ?, ?, ?, default)
Hibernate: 
    insert 
    into
        product
        (category_id, name, price, stock_quantity, id) 
    values
        (?, ?, ?, ?, default)
Hibernate: 
    insert 
    into
        product
        (category_id, name, price, stock_quantity, id) 
    values
        (?, ?, ?, ?, default)
Hibernate: 
    insert 
    into
        product
        (category_id, name, price, stock_quantity, id) 
    values
        (?, ?, ?, ?, default)
Hibernate: 
    insert 
    into
        product
        (category_id, name, price, stock_quantity, id) 
    values
        (?, ?, ?, ?, default)
Hibernate: 
    insert 
    into
        product
        (category_id, name, price, stock_quantity, id) 
    values
        (?, ?, ?, ?, default)
Hibernate: 
    insert 
    into
        product
        (category_id, name, price, stock_quantity, id) 
    values
        (?, ?, ?, ?, default)
Hibernate: 
    insert 
    into
        product
        (category_id, name, price, stock_quantity, id) 
    values
        (?, ?, ?, ?, default)
Hibernate: 
    insert 
    into
        product
        (category_id, name, price, stock_quantity, id) 
    values
        (?, ?, ?, ?, default)
Hibernate: 
    insert 
    into
        product
        (category_id, name, price, stock_quantity, id) 
    values
        (?, ?, ?, ?, default)
Hibernate: 
    insert 
    into
        product
        (category_id, name, price, stock_quantity, id) 
    values
        (?, ?, ?, ?, default)
Hibernate: 
    insert 
    into
        product
        (category_id, name, price, stock_quantity, id) 
    values
        (?, ?, ?, ?, default)
Hibernate: 
    insert 
    into
        product
        (category_id, name, price, stock_quantity, id) 
    values
        (?, ?, ?, ?, default)
Hibernate: 
    insert 
    into
        product
        (category_id, name, price, stock_quantity, id) 
    values
        (?, ?, ?, ?, default)
Hibernate: 
    insert 
    into
        product
        (category_id, name, price, stock_quantity, id) 
    values
        (?, ?, ?, ?, default)
Hibernate: 
    insert 
    into
        product
        (category_id, name, price, stock_quantity, id) 
    values
        (?, ?, ?, ?, default)
]]></system-out>
  </testcase>
</testsuite>